<?xml version="1.0" encoding="UTF-8"?>
<!-- Generated by org.testng.reporters.JUnitXMLReporter -->
<testsuite hostname="DESKTOP-7QNN7QJ" ignored="0" name="Default test" tests="1" failures="1" timestamp="17 九月 2019 03:45:12 GMT" time="23.388" errors="0">
  <testcase name="f" time="23.365" classname="appiumTest.NewTest">
    <failure type="org.openqa.selenium.WebDriverException" message="An unknown server-side error occurred while processing the command. Original error: An unknown server-side error occurred while processing the command. Original error: unknown error: Failed to get sockets matching: @webview_devtools_remote_.*32750
  (make sure the app has its WebView configured for debugging) (WARNING: The server did not provide any stacktrace information)
Command duration or timeout: 3.07 seconds
Build info: version: &amp;apos;2.46.0&amp;apos;, revision: &amp;apos;87c69e2&amp;apos;, time: &amp;apos;2015-06-04 16:16:47&amp;apos;
System info: host: &amp;apos;DESKTOP-7QNN7QJ&amp;apos;, ip: &amp;apos;172.21.0.229&amp;apos;, os.name: &amp;apos;Windows 10&amp;apos;, os.arch: &amp;apos;amd64&amp;apos;, os.version: &amp;apos;10.0&amp;apos;, java.version: &amp;apos;1.8.0_151&amp;apos;
Driver info: io.appium.java_client.android.AndroidDriver
Capabilities [{appPackage=com.tencent.mm, statBarHeight=95, noReset=true, viewportRect={top=95, left=0, width=1080, height=2065}, deviceName=b2e8c425, platform=LINUX, deviceUDID=b2e8c425, desired={unicodekeyboard=true, appPackage=com.tencent.mm, appActivity=com.tencent.mm.ui.LauncherUI, noReset=true, platformVersion=9, automationName=uiautomator2, browserName=, platformName=Android, deviceName=b2e8c425}, platformVersion=9, webStorageEnabled=false, automationName=uiautomator2, takesScreenshot=true, browserName=, javascriptEnabled=true, platformName=Android, deviceApiLevel=28, deviceManufacturer=blackshark, unicodekeyboard=true, deviceScreenSize=1080x2160, networkConnectionEnabled=true, warnings={}, databaseEnabled=false, appActivity=com.tencent.mm.ui.LauncherUI, pixelRatio=2.625, locationContextEnabled=false, deviceScreenDensity=420, deviceModel=AWM-A0}]
Session ID: f897d232-488d-426b-8958-c246268332d1">
      <![CDATA[org.openqa.selenium.WebDriverException: An unknown server-side error occurred while processing the command. Original error: An unknown server-side error occurred while processing the command. Original error: unknown error: Failed to get sockets matching: @webview_devtools_remote_.*32750
  (make sure the app has its WebView configured for debugging) (WARNING: The server did not provide any stacktrace information)
Command duration or timeout: 3.07 seconds
Build info: version: '2.46.0', revision: '87c69e2', time: '2015-06-04 16:16:47'
System info: host: 'DESKTOP-7QNN7QJ', ip: '172.21.0.229', os.name: 'Windows 10', os.arch: 'amd64', os.version: '10.0', java.version: '1.8.0_151'
Driver info: io.appium.java_client.android.AndroidDriver
Capabilities [{appPackage=com.tencent.mm, statBarHeight=95, noReset=true, viewportRect={top=95, left=0, width=1080, height=2065}, deviceName=b2e8c425, platform=LINUX, deviceUDID=b2e8c425, desired={unicodekeyboard=true, appPackage=com.tencent.mm, appActivity=com.tencent.mm.ui.LauncherUI, noReset=true, platformVersion=9, automationName=uiautomator2, browserName=, platformName=Android, deviceName=b2e8c425}, platformVersion=9, webStorageEnabled=false, automationName=uiautomator2, takesScreenshot=true, browserName=, javascriptEnabled=true, platformName=Android, deviceApiLevel=28, deviceManufacturer=blackshark, unicodekeyboard=true, deviceScreenSize=1080x2160, networkConnectionEnabled=true, warnings={}, databaseEnabled=false, appActivity=com.tencent.mm.ui.LauncherUI, pixelRatio=2.625, locationContextEnabled=false, deviceScreenDensity=420, deviceModel=AWM-A0}]
Session ID: f897d232-488d-426b-8958-c246268332d1
at sun.reflect.NativeConstructorAccessorImpl.newInstance0(Native Method)
at sun.reflect.NativeConstructorAccessorImpl.newInstance(Unknown Source)
at sun.reflect.DelegatingConstructorAccessorImpl.newInstance(Unknown Source)
at java.lang.reflect.Constructor.newInstance(Unknown Source)
at org.openqa.selenium.remote.ErrorHandler.createThrowable(ErrorHandler.java:204)
at org.openqa.selenium.remote.ErrorHandler.throwIfResponseFailed(ErrorHandler.java:156)
at org.openqa.selenium.remote.RemoteWebDriver.execute(RemoteWebDriver.java:605)
at io.appium.java_client.AppiumDriver.execute(AppiumDriver.java:180)
at io.appium.java_client.AppiumDriver.context(AppiumDriver.java:525)
at appiumTest.NewTest.lambda$0(NewTest.java:16)
at java.lang.Iterable.forEach(Unknown Source)
at appiumTest.NewTest.f(NewTest.java:13)
at sun.reflect.NativeMethodAccessorImpl.invoke0(Native Method)
at sun.reflect.NativeMethodAccessorImpl.invoke(Unknown Source)
at sun.reflect.DelegatingMethodAccessorImpl.invoke(Unknown Source)
at java.lang.reflect.Method.invoke(Unknown Source)
at org.testng.internal.MethodInvocationHelper.invokeMethod(MethodInvocationHelper.java:124)
at org.testng.internal.Invoker.invokeMethod(Invoker.java:583)
at org.testng.internal.Invoker.invokeTestMethod(Invoker.java:719)
at org.testng.internal.Invoker.invokeTestMethods(Invoker.java:989)
at org.testng.internal.TestMethodWorker.invokeTestMethods(TestMethodWorker.java:125)
at org.testng.internal.TestMethodWorker.run(TestMethodWorker.java:109)
at org.testng.TestRunner.privateRun(TestRunner.java:648)
at org.testng.TestRunner.run(TestRunner.java:505)
at org.testng.SuiteRunner.runTest(SuiteRunner.java:455)
at org.testng.SuiteRunner.runSequentially(SuiteRunner.java:450)
at org.testng.SuiteRunner.privateRun(SuiteRunner.java:415)
at org.testng.SuiteRunner.run(SuiteRunner.java:364)
at org.testng.SuiteRunnerWorker.runSuite(SuiteRunnerWorker.java:52)
at org.testng.SuiteRunnerWorker.run(SuiteRunnerWorker.java:84)
at org.testng.TestNG.runSuitesSequentially(TestNG.java:1208)
at org.testng.TestNG.runSuitesLocally(TestNG.java:1137)
at org.testng.TestNG.runSuites(TestNG.java:1049)
at org.testng.TestNG.run(TestNG.java:1017)
at org.testng.remote.AbstractRemoteTestNG.run(AbstractRemoteTestNG.java:115)
at org.testng.remote.RemoteTestNG.initAndRun(RemoteTestNG.java:251)
at org.testng.remote.RemoteTestNG.main(RemoteTestNG.java:77)
]]>
    </failure>
  </testcase> <!-- f -->
</testsuite> <!-- Default test -->
